<?xml version="1.0" encoding="utf-8"?><testsuites name="pytest tests"><testsuite name="pytest" errors="0" failures="0" skipped="0" tests="15" time="2.272" timestamp="2026-08-04T06:14:54.656388+00:00" hostname="agent-env-a8458ecf-9353-494f-a2f9-adb871797717"><testcase classname="test_google_auth.TestGoogleSessionEndpoint" name="test_invalid_session_id_returns_401" time="0.329" /><testcase classname="test_google_auth.TestGoogleSessionEndpoint" name="test_empty_session_id_returns_400" time="0.045" /><testcase classname="test_google_auth.TestGoogleSessionEndpoint" name="test_missing_session_id_field_returns_422" time="0.044" /><testcase classname="test_google_auth.TestGoogleSessionEndpoint" name="test_whitespace_only_session_id_returns_400" time="0.044" /><testcase classname="test_google_auth.TestAuthMeUnauthenticated" name="test_me_without_authorization_header_returns_401" time="0.122" /><testcase classname="test_google_auth.TestAuthMeUnauthenticated" name="test_me_with_bogus_bearer_returns_401_not_403" time="0.144" /><testcase classname="test_google_auth.TestLegacyAdminJWTFlow" name="test_admin_login_returns_jwt" time="0.266" /><testcase classname="test_google_auth.TestLegacyAdminJWTFlow" name="test_admin_me_with_jwt" time="0.394" /><testcase classname="test_google_auth.TestLogoutEndpoint" name="test_logout_no_token_returns_401" time="0.127" /><testcase classname="test_google_auth.TestLogoutEndpoint" name="test_logout_with_admin_jwt_returns_204" time="0.222" /><testcase classname="test_google_auth.TestUserSessionsIndexes" name="test_session_token_index_unique" time="0.015" /><testcase classname="test_google_auth.TestUserSessionsIndexes" name="test_user_id_index_exists" time="0.004" /><testcase classname="test_google_auth.TestUserSessionsIndexes" name="test_expires_at_ttl_index" time="0.003" /><testcase classname="test_google_auth.TestGoogleSessionTokenPath" name="test_session_token_bearer_returns_user" time="0.297" /><testcase classname="test_google_auth.TestGoogleSessionTokenPath" name="test_expired_session_token_rejected" time="0.103" /></testsuite></testsuites>