<?xml version="1.0" encoding="utf-8"?><testsuites name="pytest tests"><testsuite name="pytest" errors="0" failures="0" skipped="0" tests="7" time="0.930" timestamp="2026-08-04T08:17:38.772932+00:00" hostname="agent-env-a8458ecf-9353-494f-a2f9-adb871797717"><testcase classname="tests.test_personalization_seed" name="test_migo_present_in_wiltz_with_migo_lu_image" time="0.195" /><testcase classname="tests.test_personalization_seed" name="test_park_sennesraich_present_in_clervaux" time="0.229" /><testcase classname="tests.test_personalization_seed" name="test_at_least_four_northern_canton_events" time="0.107" /><testcase classname="tests.test_events_public" name="test_events_list_default_upcoming" time="0.125" /><testcase classname="tests.test_events_public" name="test_events_list_upcoming_false" time="0.076" /><testcase classname="tests.test_events_public" name="test_event_detail_404" time="0.057" /><testcase classname="tests.test_events_public" name="test_event_detail_existing" time="0.124" /></testsuite></testsuites>