<?xml version="1.0" encoding="utf-8"?><testsuites name="pytest tests"><testsuite name="pytest" errors="0" failures="2" skipped="0" tests="30" time="4.644" timestamp="2026-08-04T05:36:39.750955+00:00" hostname="agent-env-a8458ecf-9353-494f-a2f9-adb871797717"><testcase classname="test_admin_events" name="test_admin_create_requires_auth" time="0.182" /><testcase classname="test_admin_events" name="test_admin_list_requires_auth" time="0.050" /><testcase classname="test_admin_events" name="test_admin_create_update_delete_flow" time="0.844" /><testcase classname="test_admin_events" name="test_admin_update_nonexistent" time="0.050" /><testcase classname="test_admin_events" name="test_admin_delete_nonexistent" time="0.050" /><testcase classname="test_auth" name="test_login_success" time="0.278" /><testcase classname="test_auth" name="test_login_wrong_password" time="0.294" /><testcase classname="test_auth" name="test_login_unknown_email" time="0.049" /><testcase classname="test_auth" name="test_me_no_token" time="0.052" /><testcase classname="test_auth" name="test_me_invalid_token" time="0.050" /><testcase classname="test_auth" name="test_me_valid_token" time="0.049" /><testcase classname="test_events_public" name="test_events_list_default_upcoming" time="0.060" /><testcase classname="test_events_public" name="test_events_list_upcoming_false" time="0.061" /><testcase classname="test_events_public" name="test_event_detail_404" time="0.048" /><testcase classname="test_events_public" name="test_event_detail_existing" time="0.125" /><testcase classname="test_health" name="test_health" time="0.141" /><testcase classname="test_health" name="test_root" time="0.100" /><testcase classname="test_rate_limit" name="test_login_rate_limit" time="0.708" /><testcase classname="test_sources_and_crawler" name="test_events_list_has_family_fields_and_shape" time="0.060" /><testcase classname="test_sources_and_crawler" name="test_events_source_names_include_deep_dive_and_crawlers" time="0.061" /><testcase classname="test_sources_and_crawler" name="test_deep_dive_seed_count_and_family_flags" time="0.057"><failure message="AssertionError: No deep-dive event has free_parking=True&#10;assert False">E   AssertionError: No deep-dive event has free_parking=True
    assert False</failure></testcase><testcase classname="test_sources_and_crawler" name="test_event_detail_localized_family_fields" time="0.116" /><testcase classname="test_sources_and_crawler" name="test_admin_sources_unauth_401" time="0.048" /><testcase classname="test_sources_and_crawler" name="test_admin_sources_list_shape_and_count" time="0.050" /><testcase classname="test_sources_and_crawler" name="test_admin_sources_kinds_diversity" time="0.052" /><testcase classname="test_sources_and_crawler" name="test_robots_check_mudam_allowed" time="0.051" /><testcase classname="test_sources_and_crawler" name="test_robots_check_invalid_url_returns_400" time="0.050"><failure message="AssertionError: Expected 400 for invalid URL, got 200 {&quot;url&quot;:&quot;not-a-url&quot;,&quot;host&quot;:&quot;://&quot;,&quot;user_agent&quot;:&quot;Mozilla/5.0 (compatible; FamilyLuxembourgBot/1.0; +https://familyluxembourg.lu/bot) AppleWebKit/537.36 (KHTML, like Gecko) Chrome/120.0 Safari/537.36&quot;,&quot;allowed&quot;:true,&quot;crawl_delay_seconds&quot;:0.0,&quot;applied_min_delay_seconds&quot;:2.0}&#10;assert 200 == 400&#10; +  where 200 = &lt;Response [200]&gt;.status_code">E   AssertionError: Expected 400 for invalid URL, got 200 {"url":"not-a-url","host":"://","user_agent":"Mozilla/5.0 (compatible; FamilyLuxembourgBot/1.0; +https://familyluxembourg.lu/bot) AppleWebKit/537.36 (KHTML, like Gecko) Chrome/120.0 Safari/537.36","allowed":true,"crawl_delay_seconds":0.0,"applied_min_delay_seconds":2.0}
    assert 200 == 400
     +  where 200 = &lt;Response [200]&gt;.status_code</failure></testcase><testcase classname="test_sources_and_crawler" name="test_robots_check_unauth_401" time="0.046" /><testcase classname="test_sources_and_crawler" name="test_admin_run_single_source" time="0.782" /><testcase classname="test_sources_and_crawler" name="test_admin_run_missing_source_404" time="0.049" /></testsuite></testsuites>