<?xml version="1.0" encoding="utf-8"?><testsuites name="pytest tests"><testsuite name="pytest" errors="0" failures="0" skipped="0" tests="18" time="2.926" timestamp="2026-06-13T14:19:25.671520+00:00" hostname="agent-env-a8458ecf-9353-494f-a2f9-adb871797717"><testcase classname="test_admin_events" name="test_admin_create_requires_auth" time="0.242" /><testcase classname="test_admin_events" name="test_admin_list_requires_auth" time="0.042" /><testcase classname="test_admin_events" name="test_admin_create_update_delete_flow" time="0.745" /><testcase classname="test_admin_events" name="test_admin_update_nonexistent" time="0.043" /><testcase classname="test_admin_events" name="test_admin_delete_nonexistent" time="0.043" /><testcase classname="test_auth" name="test_login_success" time="0.265" /><testcase classname="test_auth" name="test_login_wrong_password" time="0.266" /><testcase classname="test_auth" name="test_login_unknown_email" time="0.041" /><testcase classname="test_auth" name="test_me_no_token" time="0.040" /><testcase classname="test_auth" name="test_me_invalid_token" time="0.045" /><testcase classname="test_auth" name="test_me_valid_token" time="0.042" /><testcase classname="test_events_public" name="test_events_list_default_upcoming" time="0.045" /><testcase classname="test_events_public" name="test_events_list_upcoming_false" time="0.042" /><testcase classname="test_events_public" name="test_event_detail_404" time="0.042" /><testcase classname="test_events_public" name="test_event_detail_existing" time="0.084" /><testcase classname="test_health" name="test_health" time="0.130" /><testcase classname="test_health" name="test_root" time="0.127" /><testcase classname="test_rate_limit" name="test_login_rate_limit" time="0.597" /></testsuite></testsuites>