<?xml version="1.0" encoding="utf-8"?><testsuites name="pytest tests"><testsuite name="pytest" errors="0" failures="0" skipped="0" tests="7" time="1.076" timestamp="2026-08-04T12:34:31.156888+00:00" hostname="agent-env-a8458ecf-9353-494f-a2f9-adb871797717"><testcase classname="backend.tests.test_regression_deploy_fix" name="test_get_events_public" time="0.330" /><testcase classname="backend.tests.test_regression_deploy_fix" name="test_get_sources_public" time="0.057" /><testcase classname="backend.tests.test_regression_deploy_fix" name="test_admin_sources_with_token" time="0.352" /><testcase classname="backend.tests.test_regression_deploy_fix" name="test_admin_partners_with_token" time="0.059" /><testcase classname="backend.tests.test_regression_deploy_fix" name="test_admin_analytics_with_token" time="0.058" /><testcase classname="backend.tests.test_regression_deploy_fix" name="test_admin_events_list_with_token" time="0.137" /><testcase classname="backend.tests.test_regression_deploy_fix" name="test_auth_me_admin" time="0.060" /></testsuite></testsuites>