<?xml version="1.0" encoding="utf-8"?><testsuites name="pytest tests"><testsuite name="pytest" errors="0" failures="0" skipped="0" tests="4" time="1.232" timestamp="2026-08-04T05:39:41.912148+00:00" hostname="agent-env-a8458ecf-9353-494f-a2f9-adb871797717"><testcase classname="test_sources_and_crawler" name="test_events_list_has_family_fields_and_shape" time="0.212" /><testcase classname="test_sources_and_crawler" name="test_deep_dive_seed_count_and_family_flags" time="0.053" /><testcase classname="test_sources_and_crawler" name="test_robots_check_invalid_url_returns_400" time="0.309" /><testcase classname="test_sources_and_crawler" name="test_robots_check_mudam_allowed" time="0.643" /></testsuite></testsuites>